[GO-Master]2020/05/26 - 15:02:32.195 D:/project/gomaster/initialize/core/mysql.go:19 ▶ [ERROR] MySQL启动异常 sql: unknown driver "mysql" (forgotten import?)
[GO-Master]2020/05/26 - 15:09:39.878 D:/project/gomaster/initialize/core/router.go:16 ▶ [DEBUG] use middleware logger
[GO-Master]2020/05/26 - 15:09:40.452 D:/project/gomaster/initialize/core/router.go:19 ▶ [DEBUG] use middleware cors
[GO-Master]2020/05/26 - 15:09:40.452 D:/project/gomaster/initialize/core/router.go:21 ▶ [DEBUG] register swagger handler
[GO-Master]2020/05/26 - 15:09:40.453 D:/project/gomaster/initialize/core/router.go:25 ▶ [INFO] router register success
[GO-Master]2020/05/26 - 15:14:56.231 D:/project/gomaster/initialize/core/router.go:16 ▶ [DEBUG] use middleware logger
[GO-Master]2020/05/26 - 15:14:56.285 D:/project/gomaster/initialize/core/router.go:19 ▶ [DEBUG] use middleware cors
[GO-Master]2020/05/26 - 15:14:56.285 D:/project/gomaster/initialize/core/router.go:21 ▶ [DEBUG] register swagger handler
[GO-Master]2020/05/26 - 15:14:56.285 D:/project/gomaster/initialize/core/router.go:25 ▶ [INFO] router register success
[GO-Master]2020/05/26 - 15:18:16.640 D:/project/gomaster/initialize/core/router.go:16 ▶ [DEBUG] use middleware logger
[GO-Master]2020/05/26 - 15:18:17.199 D:/project/gomaster/initialize/core/router.go:19 ▶ [DEBUG] use middleware cors
[GO-Master]2020/05/26 - 15:18:17.200 D:/project/gomaster/initialize/core/router.go:21 ▶ [DEBUG] register swagger handler
[GO-Master]2020/05/26 - 15:18:17.200 D:/project/gomaster/initialize/core/router.go:25 ▶ [INFO] router register success
[GO-Master]2020/05/26 - 15:37:41.346 D:/project/gomaster/initialize/core/router.go:16 ▶ [DEBUG] use middleware logger
[GO-Master]2020/05/26 - 15:37:41.961 D:/project/gomaster/initialize/core/router.go:19 ▶ [DEBUG] use middleware cors
[GO-Master]2020/05/26 - 15:37:41.961 D:/project/gomaster/initialize/core/router.go:21 ▶ [DEBUG] register swagger handler
[GO-Master]2020/05/26 - 15:37:41.961 D:/project/gomaster/initialize/core/router.go:25 ▶ [INFO] router register success
[GO-Master]2020/05/26 - 15:43:20.988 D:/project/gomaster/initialize/core/router.go:16 ▶ [DEBUG] use middleware logger
[GO-Master]2020/05/26 - 15:43:21.051 D:/project/gomaster/initialize/core/router.go:19 ▶ [DEBUG] use middleware cors
[GO-Master]2020/05/26 - 15:43:21.051 D:/project/gomaster/initialize/core/router.go:21 ▶ [DEBUG] register swagger handler
[GO-Master]2020/05/26 - 15:43:21.051 D:/project/gomaster/initialize/core/router.go:25 ▶ [INFO] router register success
[GO-Master]2020/05/26 - 16:12:10.316 D:/project/gomaster/initialize/core/router.go:16 ▶ [DEBUG] use middleware logger
[GO-Master]2020/05/26 - 16:12:10.891 D:/project/gomaster/initialize/core/router.go:19 ▶ [DEBUG] use middleware cors
[GO-Master]2020/05/26 - 16:12:10.891 D:/project/gomaster/initialize/core/router.go:21 ▶ [DEBUG] register swagger handler
[GO-Master]2020/05/26 - 16:12:10.891 D:/project/gomaster/initialize/core/router.go:25 ▶ [INFO] router register success
[GO-Master]2020/05/26 - 16:15:52.631 D:/project/gomaster/initialize/core/router.go:16 ▶ [DEBUG] use middleware logger
[GO-Master]2020/05/26 - 16:15:53.233 D:/project/gomaster/initialize/core/router.go:19 ▶ [DEBUG] use middleware cors
[GO-Master]2020/05/26 - 16:15:53.233 D:/project/gomaster/initialize/core/router.go:21 ▶ [DEBUG] register swagger handler
[GO-Master]2020/05/26 - 16:15:53.233 D:/project/gomaster/initialize/core/router.go:25 ▶ [INFO] router register success
[GO-Master]2020/05/26 - 16:28:39.432 D:/project/gomaster/initialize/core/router.go:16 ▶ [DEBUG] use middleware logger
[GO-Master]2020/05/26 - 16:28:40.014 D:/project/gomaster/initialize/core/router.go:19 ▶ [DEBUG] use middleware cors
[GO-Master]2020/05/26 - 16:28:40.015 D:/project/gomaster/initialize/core/router.go:21 ▶ [DEBUG] register swagger handler
[GO-Master]2020/05/26 - 16:28:40.015 D:/project/gomaster/initialize/core/router.go:25 ▶ [INFO] router register success
[GO-Master]2020/05/26 - 16:29:27.909 D:/project/gomaster/initialize/core/router.go:16 ▶ [DEBUG] use middleware logger
[GO-Master]2020/05/26 - 16:29:27.914 D:/project/gomaster/initialize/core/router.go:19 ▶ [DEBUG] use middleware cors
[GO-Master]2020/05/26 - 16:29:27.914 D:/project/gomaster/initialize/core/router.go:21 ▶ [DEBUG] register swagger handler
[GO-Master]2020/05/26 - 16:29:27.914 D:/project/gomaster/initialize/core/router.go:25 ▶ [INFO] router register success
[GO-Master]2020/05/26 - 16:52:11.097 D:/project/gomaster/initialize/core/router.go:16 ▶ [DEBUG] use middleware logger
[GO-Master]2020/05/26 - 16:52:11.675 D:/project/gomaster/initialize/core/router.go:19 ▶ [DEBUG] use middleware cors
[GO-Master]2020/05/26 - 16:52:11.675 D:/project/gomaster/initialize/core/router.go:21 ▶ [DEBUG] register swagger handler
[GO-Master]2020/05/26 - 16:52:11.675 D:/project/gomaster/initialize/core/router.go:25 ▶ [INFO] router register success
[GO-Master]2020/05/26 - 16:52:11.978 D:/project/gomaster/initialize/core/db_table.go:12 ▶ [DEBUG] register table success
[GO-Master]2020/05/26 - 16:52:18.254 D:/project/gomaster/api/v1/product.go:32 ▶ [ERROR] 查询出错 : sql: database is closed
[GO-Master]2020/05/26 - 16:52:42.618 D:/project/gomaster/initialize/core/router.go:16 ▶ [DEBUG] use middleware logger
[GO-Master]2020/05/26 - 16:52:43.260 D:/project/gomaster/initialize/core/router.go:19 ▶ [DEBUG] use middleware cors
[GO-Master]2020/05/26 - 16:52:43.260 D:/project/gomaster/initialize/core/router.go:21 ▶ [DEBUG] register swagger handler
[GO-Master]2020/05/26 - 16:52:43.260 D:/project/gomaster/initialize/core/router.go:25 ▶ [INFO] router register success
[GO-Master]2020/05/26 - 16:52:43.295 D:/project/gomaster/initialize/core/db_table.go:12 ▶ [DEBUG] register table success
[GO-Master]2020/05/26 - 16:59:53.513 D:/project/gomaster/initialize/core/router.go:16 ▶ [DEBUG] use middleware logger
[GO-Master]2020/05/26 - 16:59:54.087 D:/project/gomaster/initialize/core/router.go:19 ▶ [DEBUG] use middleware cors
[GO-Master]2020/05/26 - 16:59:54.087 D:/project/gomaster/initialize/core/router.go:21 ▶ [DEBUG] register swagger handler
[GO-Master]2020/05/26 - 16:59:54.087 D:/project/gomaster/initialize/core/router.go:25 ▶ [INFO] router register success
[GO-Master]2020/05/26 - 17:00:19.319 D:/project/gomaster/initialize/core/router.go:16 ▶ [DEBUG] use middleware logger
[GO-Master]2020/05/26 - 17:00:19.978 D:/project/gomaster/initialize/core/router.go:19 ▶ [DEBUG] use middleware cors
[GO-Master]2020/05/26 - 17:00:19.978 D:/project/gomaster/initialize/core/router.go:21 ▶ [DEBUG] register swagger handler
[GO-Master]2020/05/26 - 17:00:19.978 D:/project/gomaster/initialize/core/router.go:25 ▶ [INFO] router register success
[GO-Master]2020/05/26 - 17:00:20.038 D:/project/gomaster/initialize/core/db_table.go:12 ▶ [DEBUG] register table success
[GO-Master]2020/05/26 - 17:02:13.067 D:/project/gomaster/initialize/core/router.go:16 ▶ [DEBUG] use middleware logger
[GO-Master]2020/05/26 - 17:02:13.654 D:/project/gomaster/initialize/core/router.go:19 ▶ [DEBUG] use middleware cors
[GO-Master]2020/05/26 - 17:02:13.655 D:/project/gomaster/initialize/core/router.go:21 ▶ [DEBUG] register swagger handler
[GO-Master]2020/05/26 - 17:02:13.655 D:/project/gomaster/initialize/core/router.go:25 ▶ [INFO] router register success
[GO-Master]2020/05/26 - 17:21:42.166 D:/project/gomaster/initialize/core/router.go:16 ▶ [DEBUG] use middleware logger
[GO-Master]2020/05/26 - 17:21:42.751 D:/project/gomaster/initialize/core/router.go:19 ▶ [DEBUG] use middleware cors
[GO-Master]2020/05/26 - 17:21:42.752 D:/project/gomaster/initialize/core/router.go:21 ▶ [DEBUG] register swagger handler
[GO-Master]2020/05/26 - 17:21:42.752 D:/project/gomaster/initialize/core/router.go:25 ▶ [INFO] router register success
[GO-Master]2020/05/26 - 17:25:32.403 D:/project/gomaster/initialize/core/router.go:16 ▶ [DEBUG] use middleware logger
[GO-Master]2020/05/26 - 17:25:33.014 D:/project/gomaster/initialize/core/router.go:19 ▶ [DEBUG] use middleware cors
[GO-Master]2020/05/26 - 17:25:33.014 D:/project/gomaster/initialize/core/router.go:21 ▶ [DEBUG] register swagger handler
[GO-Master]2020/05/26 - 17:25:33.015 D:/project/gomaster/initialize/core/router.go:25 ▶ [INFO] router register success
[GO-Master]2020/05/26 - 17:26:12.236 D:/project/gomaster/initialize/core/router.go:16 ▶ [DEBUG] use middleware logger
[GO-Master]2020/05/26 - 17:26:12.807 D:/project/gomaster/initialize/core/router.go:19 ▶ [DEBUG] use middleware cors
[GO-Master]2020/05/26 - 17:26:12.808 D:/project/gomaster/initialize/core/router.go:21 ▶ [DEBUG] register swagger handler
[GO-Master]2020/05/26 - 17:26:12.808 D:/project/gomaster/initialize/core/router.go:25 ▶ [INFO] router register success
[GO-Master]2020/05/26 - 17:27:33.277 D:/project/gomaster/initialize/core/router.go:16 ▶ [DEBUG] use middleware logger
[GO-Master]2020/05/26 - 17:27:33.282 D:/project/gomaster/initialize/core/router.go:19 ▶ [DEBUG] use middleware cors
[GO-Master]2020/05/26 - 17:27:33.282 D:/project/gomaster/initialize/core/router.go:21 ▶ [DEBUG] register swagger handler
[GO-Master]2020/05/26 - 17:27:33.282 D:/project/gomaster/initialize/core/router.go:25 ▶ [INFO] router register success
[GO-Master]2020/05/26 - 17:28:09.865 D:/project/gomaster/initialize/core/router.go:16 ▶ [DEBUG] use middleware logger
[GO-Master]2020/05/26 - 17:28:10.462 D:/project/gomaster/initialize/core/router.go:19 ▶ [DEBUG] use middleware cors
[GO-Master]2020/05/26 - 17:28:10.462 D:/project/gomaster/initialize/core/router.go:21 ▶ [DEBUG] register swagger handler
[GO-Master]2020/05/26 - 17:28:10.463 D:/project/gomaster/initialize/core/router.go:25 ▶ [INFO] router register success
[GO-Master]2020/05/26 - 17:29:23.976 D:/project/gomaster/initialize/core/router.go:16 ▶ [DEBUG] use middleware logger
[GO-Master]2020/05/26 - 17:29:24.557 D:/project/gomaster/initialize/core/router.go:19 ▶ [DEBUG] use middleware cors
[GO-Master]2020/05/26 - 17:29:24.557 D:/project/gomaster/initialize/core/router.go:21 ▶ [DEBUG] register swagger handler
[GO-Master]2020/05/26 - 17:29:24.558 D:/project/gomaster/initialize/core/router.go:25 ▶ [INFO] router register success
[GO-Master]2020/05/26 - 17:29:54.354 D:/project/gomaster/initialize/core/router.go:16 ▶ [DEBUG] use middleware logger
[GO-Master]2020/05/26 - 17:29:54.944 D:/project/gomaster/initialize/core/router.go:19 ▶ [DEBUG] use middleware cors
[GO-Master]2020/05/26 - 17:29:54.944 D:/project/gomaster/initialize/core/router.go:21 ▶ [DEBUG] register swagger handler
[GO-Master]2020/05/26 - 17:29:54.945 D:/project/gomaster/initialize/core/router.go:25 ▶ [INFO] router register success
[GO-Master]2020/05/26 - 17:36:47.785 D:/project/gomaster/initialize/core/router.go:16 ▶ [DEBUG] use middleware logger
[GO-Master]2020/05/26 - 17:36:48.386 D:/project/gomaster/initialize/core/router.go:19 ▶ [DEBUG] use middleware cors
[GO-Master]2020/05/26 - 17:36:48.386 D:/project/gomaster/initialize/core/router.go:21 ▶ [DEBUG] register swagger handler
[GO-Master]2020/05/26 - 17:36:48.386 D:/project/gomaster/initialize/core/router.go:25 ▶ [INFO] router register success
[GO-Master]2020/05/26 - 17:37:53.442 D:/project/gomaster/initialize/core/router.go:16 ▶ [DEBUG] use middleware logger
[GO-Master]2020/05/26 - 17:37:54.004 D:/project/gomaster/initialize/core/router.go:19 ▶ [DEBUG] use middleware cors
[GO-Master]2020/05/26 - 17:37:54.005 D:/project/gomaster/initialize/core/router.go:21 ▶ [DEBUG] register swagger handler
[GO-Master]2020/05/26 - 17:37:54.005 D:/project/gomaster/initialize/core/router.go:25 ▶ [INFO] router register success
[GO-Master]2020/05/26 - 17:39:22.256 D:/project/gomaster/initialize/core/router.go:16 ▶ [DEBUG] use middleware logger
[GO-Master]2020/05/26 - 17:39:22.830 D:/project/gomaster/initialize/core/router.go:19 ▶ [DEBUG] use middleware cors
[GO-Master]2020/05/26 - 17:39:22.830 D:/project/gomaster/initialize/core/router.go:21 ▶ [DEBUG] register swagger handler
[GO-Master]2020/05/26 - 17:39:22.830 D:/project/gomaster/initialize/core/router.go:25 ▶ [INFO] router register success
[GO-Master]2020/05/26 - 17:43:53.747 D:/project/gomaster/initialize/core/router.go:16 ▶ [DEBUG] use middleware logger
[GO-Master]2020/05/26 - 17:43:54.296 D:/project/gomaster/initialize/core/router.go:19 ▶ [DEBUG] use middleware cors
[GO-Master]2020/05/26 - 17:43:54.296 D:/project/gomaster/initialize/core/router.go:21 ▶ [DEBUG] register swagger handler
[GO-Master]2020/05/26 - 17:43:54.296 D:/project/gomaster/initialize/core/router.go:25 ▶ [INFO] router register success
[GO-Master]2020/05/26 - 17:43:54.604 D:/project/gomaster/initialize/core/db_table.go:12 ▶ [DEBUG] register table success
[GO-Master]2020/05/26 - 17:44:33.204 D:/project/gomaster/initialize/core/router.go:16 ▶ [DEBUG] use middleware logger
[GO-Master]2020/05/26 - 17:44:33.783 D:/project/gomaster/initialize/core/router.go:19 ▶ [DEBUG] use middleware cors
[GO-Master]2020/05/26 - 17:44:33.784 D:/project/gomaster/initialize/core/router.go:21 ▶ [DEBUG] register swagger handler
[GO-Master]2020/05/26 - 17:44:33.784 D:/project/gomaster/initialize/core/router.go:25 ▶ [INFO] router register success
[GO-Master]2020/05/26 - 17:49:06.663 D:/project/gomaster/initialize/core/router.go:16 ▶ [DEBUG] use middleware logger
[GO-Master]2020/05/26 - 17:49:07.255 D:/project/gomaster/initialize/core/router.go:19 ▶ [DEBUG] use middleware cors
[GO-Master]2020/05/26 - 17:49:07.255 D:/project/gomaster/initialize/core/router.go:21 ▶ [DEBUG] register swagger handler
[GO-Master]2020/05/26 - 17:49:07.255 D:/project/gomaster/initialize/core/router.go:25 ▶ [INFO] router register success
[GO-Master]2020/05/26 - 17:49:28.812 D:/project/gomaster/initialize/core/router.go:16 ▶ [DEBUG] use middleware logger
[GO-Master]2020/05/26 - 17:49:29.409 D:/project/gomaster/initialize/core/router.go:19 ▶ [DEBUG] use middleware cors
[GO-Master]2020/05/26 - 17:49:29.409 D:/project/gomaster/initialize/core/router.go:21 ▶ [DEBUG] register swagger handler
[GO-Master]2020/05/26 - 17:49:29.409 D:/project/gomaster/initialize/core/router.go:25 ▶ [INFO] router register success
[GO-Master]2020/05/26 - 17:50:26.109 D:/project/gomaster/initialize/core/router.go:16 ▶ [DEBUG] use middleware logger
[GO-Master]2020/05/26 - 17:50:26.686 D:/project/gomaster/initialize/core/router.go:19 ▶ [DEBUG] use middleware cors
[GO-Master]2020/05/26 - 17:50:26.686 D:/project/gomaster/initialize/core/router.go:21 ▶ [DEBUG] register swagger handler
[GO-Master]2020/05/26 - 17:50:26.686 D:/project/gomaster/initialize/core/router.go:25 ▶ [INFO] router register success
[GO-Master]2020/05/26 - 17:50:47.678 D:/project/gomaster/initialize/core/router.go:16 ▶ [DEBUG] use middleware logger
[GO-Master]2020/05/26 - 17:50:48.268 D:/project/gomaster/initialize/core/router.go:19 ▶ [DEBUG] use middleware cors
[GO-Master]2020/05/26 - 17:50:48.269 D:/project/gomaster/initialize/core/router.go:21 ▶ [DEBUG] register swagger handler
[GO-Master]2020/05/26 - 17:50:48.269 D:/project/gomaster/initialize/core/router.go:25 ▶ [INFO] router register success
[GO-Master]2020/05/26 - 17:51:09.185 D:/project/gomaster/initialize/core/router.go:16 ▶ [DEBUG] use middleware logger
[GO-Master]2020/05/26 - 17:51:09.761 D:/project/gomaster/initialize/core/router.go:19 ▶ [DEBUG] use middleware cors
[GO-Master]2020/05/26 - 17:51:09.762 D:/project/gomaster/initialize/core/router.go:21 ▶ [DEBUG] register swagger handler
[GO-Master]2020/05/26 - 17:51:09.762 D:/project/gomaster/initialize/core/router.go:25 ▶ [INFO] router register success
[GO-Master]2020/05/26 - 17:52:12.725 D:/project/gomaster/initialize/core/router.go:16 ▶ [DEBUG] use middleware logger
[GO-Master]2020/05/26 - 17:52:16.366 D:/project/gomaster/initialize/core/router.go:19 ▶ [DEBUG] use middleware cors
[GO-Master]2020/05/26 - 17:52:16.368 D:/project/gomaster/initialize/core/router.go:21 ▶ [DEBUG] register swagger handler
[GO-Master]2020/05/26 - 17:52:16.369 D:/project/gomaster/initialize/core/router.go:25 ▶ [INFO] router register success
[GO-Master]2020/05/26 - 17:57:59.802 D:/project/gomaster/initialize/core/router.go:16 ▶ [DEBUG] use middleware logger
[GO-Master]2020/05/26 - 17:58:00.396 D:/project/gomaster/initialize/core/router.go:19 ▶ [DEBUG] use middleware cors
[GO-Master]2020/05/26 - 17:58:00.397 D:/project/gomaster/initialize/core/router.go:21 ▶ [DEBUG] register swagger handler
[GO-Master]2020/05/26 - 17:58:00.397 D:/project/gomaster/initialize/core/router.go:25 ▶ [INFO] router register success
